[0.157s] Invoking command in '/home/ubuntu/TurtleBot_Room/ros2_ws/build/ros_tcp_endpoint': /usr/bin/cmake /home/ubuntu/TurtleBot_Room/ros2_ws/src/ROS-TCP-Endpoint-0.7.0 -DCATKIN_INSTALL_INTO_PREFIX_ROOT=0 -DCMAKE_INSTALL_PREFIX=/home/ubuntu/TurtleBot_Room/ros2_ws/install/ros_tcp_endpoint
[0.414s] -- The C compiler identification is GNU 9.4.0
[0.611s] -- The CXX compiler identification is GNU 9.4.0
[0.627s] -- Check for working C compiler: /usr/bin/cc
[0.701s] -- Check for working C compiler: /usr/bin/cc -- works
[0.703s] -- Detecting C compiler ABI info
[0.768s] -- Detecting C compiler ABI info - done
[0.777s] -- Detecting C compile features
[0.778s] -- Detecting C compile features - done
[0.785s] -- Check for working CXX compiler: /usr/bin/c++
[0.853s] -- Check for working CXX compiler: /usr/bin/c++ -- works
[0.854s] -- Detecting CXX compiler ABI info
[0.935s] -- Detecting CXX compiler ABI info - done
[0.944s] -- Detecting CXX compile features
[0.944s] -- Detecting CXX compile features - done
[0.967s] CMake Error at CMakeLists.txt:4 (find_package):
[0.967s]   By not providing "Findcatkin.cmake" in CMAKE_MODULE_PATH this project has
[0.967s]   asked CMake to find a package configuration file provided by "catkin", but
[0.967s]   CMake did not find one.
[0.967s] 
[0.967s]   Could not find a package configuration file provided by "catkin" with any
[0.967s]   of the following names:
[0.967s] 
[0.967s]     catkinConfig.cmake
[0.967s]     catkin-config.cmake
[0.967s] 
[0.967s]   Add the installation prefix of "catkin" to CMAKE_PREFIX_PATH or set
[0.967s]   "catkin_DIR" to a directory containing one of the above files.  If "catkin"
[0.967s]   provides a separate development package or SDK, be sure it has been
[0.967s]   installed.
[0.967s] 
[0.967s] 
[0.968s] -- Configuring incomplete, errors occurred!
[0.968s] See also "/home/ubuntu/TurtleBot_Room/ros2_ws/build/ros_tcp_endpoint/CMakeFiles/CMakeOutput.log".
[0.973s] Invoked command in '/home/ubuntu/TurtleBot_Room/ros2_ws/build/ros_tcp_endpoint' returned '1': /usr/bin/cmake /home/ubuntu/TurtleBot_Room/ros2_ws/src/ROS-TCP-Endpoint-0.7.0 -DCATKIN_INSTALL_INTO_PREFIX_ROOT=0 -DCMAKE_INSTALL_PREFIX=/home/ubuntu/TurtleBot_Room/ros2_ws/install/ros_tcp_endpoint
