[0.724s] Invoking command in '/home/ubuntu/mobileProject/ros2_ws/src/finalProject': PYTHONPATH=/home/ubuntu/mobileProject/ros2_ws/build/finalProject/prefix_override:/usr/lib/python3/dist-packages/colcon_core/task/python/colcon_distutils_commands:/home/ubuntu/mobileProject/ros2_ws/install/finalProject/lib/python3.8/site-packages:${PYTHONPATH} /usr/bin/python3 -W ignore:setup.py install is deprecated setup.py egg_info --egg-base ../../build/finalProject build --build-base /home/ubuntu/mobileProject/ros2_ws/build/finalProject/build install --record /home/ubuntu/mobileProject/ros2_ws/build/finalProject/install.log --install-scripts $base/lib/finalProject --single-version-externally-managed install_data
[0.921s] running egg_info
[0.921s] writing ../../build/finalProject/finalProject.egg-info/PKG-INFO
[0.933s] writing dependency_links to ../../build/finalProject/finalProject.egg-info/dependency_links.txt
[0.933s] writing entry points to ../../build/finalProject/finalProject.egg-info/entry_points.txt
[0.934s] writing requirements to ../../build/finalProject/finalProject.egg-info/requires.txt
[0.934s] writing top-level names to ../../build/finalProject/finalProject.egg-info/top_level.txt
[0.964s] reading manifest file '../../build/finalProject/finalProject.egg-info/SOURCES.txt'
[0.965s] writing manifest file '../../build/finalProject/finalProject.egg-info/SOURCES.txt'
[0.965s] running build
[0.965s] running build_py
[0.968s] running install
[0.969s] running install_lib
[0.971s] running install_data
[0.972s] running install_egg_info
[0.974s] removing '/home/ubuntu/mobileProject/ros2_ws/install/finalProject/lib/python3.8/site-packages/finalProject-0.0.0-py3.8.egg-info' (and everything under it)
[0.974s] Copying ../../build/finalProject/finalProject.egg-info to /home/ubuntu/mobileProject/ros2_ws/install/finalProject/lib/python3.8/site-packages/finalProject-0.0.0-py3.8.egg-info
[0.976s] running install_scripts
[0.991s] Installing move_circle script to /home/ubuntu/mobileProject/ros2_ws/install/finalProject/lib/finalProject
[0.991s] Installing move_rectangle script to /home/ubuntu/mobileProject/ros2_ws/install/finalProject/lib/finalProject
[0.992s] Installing movement script to /home/ubuntu/mobileProject/ros2_ws/install/finalProject/lib/finalProject
[0.992s] writing list of installed files to '/home/ubuntu/mobileProject/ros2_ws/build/finalProject/install.log'
[1.009s] Invoked command in '/home/ubuntu/mobileProject/ros2_ws/src/finalProject' returned '0': PYTHONPATH=/home/ubuntu/mobileProject/ros2_ws/build/finalProject/prefix_override:/usr/lib/python3/dist-packages/colcon_core/task/python/colcon_distutils_commands:/home/ubuntu/mobileProject/ros2_ws/install/finalProject/lib/python3.8/site-packages:${PYTHONPATH} /usr/bin/python3 -W ignore:setup.py install is deprecated setup.py egg_info --egg-base ../../build/finalProject build --build-base /home/ubuntu/mobileProject/ros2_ws/build/finalProject/build install --record /home/ubuntu/mobileProject/ros2_ws/build/finalProject/install.log --install-scripts $base/lib/finalProject --single-version-externally-managed install_data
