[0.217s] DEBUG:colcon:Command line arguments: ['/usr/bin/colcon', 'build']
[0.217s] DEBUG:colcon:Parsed command line arguments: Namespace(allow_overriding=[], ament_cmake_args=None, base_paths=['.'], build_base='build', catkin_cmake_args=None, catkin_skip_building_tests=False, cmake_args=None, cmake_clean_cache=False, cmake_clean_first=False, cmake_force_configure=False, cmake_target=None, cmake_target_skip_unavailable=False, continue_on_error=False, event_handlers=None, executor='parallel', ignore_user_meta=False, install_base='install', log_base=None, log_level=None, main=<bound method BuildVerb.main of <colcon_core.verb.build.BuildVerb object at 0x7fd3e3372d00>>, merge_install=False, metas=['./colcon.meta'], packages_above=None, packages_above_and_dependencies=None, packages_above_depth=None, packages_end=None, packages_ignore=None, packages_ignore_regex=None, packages_select=None, packages_select_build_failed=False, packages_select_by_dep=None, packages_select_regex=None, packages_select_test_failures=False, packages_skip=None, packages_skip_build_finished=False, packages_skip_by_dep=None, packages_skip_regex=None, packages_skip_test_passed=False, packages_skip_up_to=None, packages_start=None, packages_up_to=None, packages_up_to_regex=None, parallel_workers=4, paths=None, symlink_install=False, test_result_base=None, verb_extension=<colcon_core.verb.build.BuildVerb object at 0x7fd3e3372d00>, verb_name='build', verb_parser=<colcon_defaults.argument_parser.defaults.DefaultArgumentsDecorator object at 0x7fd3e3245760>)
[0.360s] Level 1:colcon.colcon_core.package_discovery:discover_packages(colcon_meta) check parameters
[0.361s] Level 1:colcon.colcon_core.package_discovery:discover_packages(recursive) check parameters
[0.361s] Level 1:colcon.colcon_core.package_discovery:discover_packages(ignore) check parameters
[0.361s] Level 1:colcon.colcon_core.package_discovery:discover_packages(path) check parameters
[0.361s] Level 1:colcon.colcon_core.package_discovery:discover_packages(colcon_meta) discover
[0.361s] Level 1:colcon.colcon_core.package_discovery:discover_packages(recursive) discover
[0.361s] INFO:colcon.colcon_core.package_discovery:Crawling recursively for packages in '/home/ubuntu/mobileProject/ros2_ws'
[0.361s] Level 1:colcon.colcon_core.package_identification:_identify(.) by extensions ['ignore', 'ignore_ament_install']
[0.361s] Level 1:colcon.colcon_core.package_identification:_identify(.) by extension 'ignore'
[0.361s] Level 1:colcon.colcon_core.package_identification:_identify(.) by extension 'ignore_ament_install'
[0.361s] Level 1:colcon.colcon_core.package_identification:_identify(.) by extensions ['colcon_pkg']
[0.361s] Level 1:colcon.colcon_core.package_identification:_identify(.) by extension 'colcon_pkg'
[0.361s] Level 1:colcon.colcon_core.package_identification:_identify(.) by extensions ['colcon_meta']
[0.361s] Level 1:colcon.colcon_core.package_identification:_identify(.) by extension 'colcon_meta'
[0.361s] Level 1:colcon.colcon_core.package_identification:_identify(.) by extensions ['ros']
[0.361s] Level 1:colcon.colcon_core.package_identification:_identify(.) by extension 'ros'
[0.393s] Level 1:colcon.colcon_core.package_identification:_identify(.) by extensions ['cmake', 'python']
[0.393s] Level 1:colcon.colcon_core.package_identification:_identify(.) by extension 'cmake'
[0.393s] Level 1:colcon.colcon_core.package_identification:_identify(.) by extension 'python'
[0.393s] Level 1:colcon.colcon_core.package_identification:_identify(.) by extensions ['python_setup_py']
[0.393s] Level 1:colcon.colcon_core.package_identification:_identify(.) by extension 'python_setup_py'
[0.393s] Level 1:colcon.colcon_core.package_identification:_identify(build) by extensions ['ignore', 'ignore_ament_install']
[0.394s] Level 1:colcon.colcon_core.package_identification:_identify(build) by extension 'ignore'
[0.394s] Level 1:colcon.colcon_core.package_identification:_identify(build) ignored
[0.394s] Level 1:colcon.colcon_core.package_identification:_identify(install) by extensions ['ignore', 'ignore_ament_install']
[0.394s] Level 1:colcon.colcon_core.package_identification:_identify(install) by extension 'ignore'
[0.394s] Level 1:colcon.colcon_core.package_identification:_identify(install) ignored
[0.394s] Level 1:colcon.colcon_core.package_identification:_identify(log) by extensions ['ignore', 'ignore_ament_install']
[0.394s] Level 1:colcon.colcon_core.package_identification:_identify(log) by extension 'ignore'
[0.394s] Level 1:colcon.colcon_core.package_identification:_identify(log) ignored
[0.394s] Level 1:colcon.colcon_core.package_identification:_identify(src) by extensions ['ignore', 'ignore_ament_install']
[0.394s] Level 1:colcon.colcon_core.package_identification:_identify(src) by extension 'ignore'
[0.394s] Level 1:colcon.colcon_core.package_identification:_identify(src) by extension 'ignore_ament_install'
[0.395s] Level 1:colcon.colcon_core.package_identification:_identify(src) by extensions ['colcon_pkg']
[0.395s] Level 1:colcon.colcon_core.package_identification:_identify(src) by extension 'colcon_pkg'
[0.395s] Level 1:colcon.colcon_core.package_identification:_identify(src) by extensions ['colcon_meta']
[0.395s] Level 1:colcon.colcon_core.package_identification:_identify(src) by extension 'colcon_meta'
[0.395s] Level 1:colcon.colcon_core.package_identification:_identify(src) by extensions ['ros']
[0.395s] Level 1:colcon.colcon_core.package_identification:_identify(src) by extension 'ros'
[0.395s] Level 1:colcon.colcon_core.package_identification:_identify(src) by extensions ['cmake', 'python']
[0.395s] Level 1:colcon.colcon_core.package_identification:_identify(src) by extension 'cmake'
[0.395s] Level 1:colcon.colcon_core.package_identification:_identify(src) by extension 'python'
[0.395s] Level 1:colcon.colcon_core.package_identification:_identify(src) by extensions ['python_setup_py']
[0.395s] Level 1:colcon.colcon_core.package_identification:_identify(src) by extension 'python_setup_py'
[0.395s] Level 1:colcon.colcon_core.package_identification:_identify(src/finalProject) by extensions ['ignore', 'ignore_ament_install']
[0.395s] Level 1:colcon.colcon_core.package_identification:_identify(src/finalProject) by extension 'ignore'
[0.395s] Level 1:colcon.colcon_core.package_identification:_identify(src/finalProject) by extension 'ignore_ament_install'
[0.395s] Level 1:colcon.colcon_core.package_identification:_identify(src/finalProject) by extensions ['colcon_pkg']
[0.395s] Level 1:colcon.colcon_core.package_identification:_identify(src/finalProject) by extension 'colcon_pkg'
[0.395s] Level 1:colcon.colcon_core.package_identification:_identify(src/finalProject) by extensions ['colcon_meta']
[0.395s] Level 1:colcon.colcon_core.package_identification:_identify(src/finalProject) by extension 'colcon_meta'
[0.395s] Level 1:colcon.colcon_core.package_identification:_identify(src/finalProject) by extensions ['ros']
[0.395s] Level 1:colcon.colcon_core.package_identification:_identify(src/finalProject) by extension 'ros'
[0.405s] DEBUG:colcon.colcon_core.package_identification:Package 'src/finalProject' with type 'ros.ament_python' and name 'finalProject'
[0.405s] Level 1:colcon.colcon_core.package_discovery:discover_packages(recursive) using defaults
[0.405s] Level 1:colcon.colcon_core.package_discovery:discover_packages(ignore) discover
[0.405s] Level 1:colcon.colcon_core.package_discovery:discover_packages(ignore) using defaults
[0.405s] Level 1:colcon.colcon_core.package_discovery:discover_packages(path) discover
[0.405s] Level 1:colcon.colcon_core.package_discovery:discover_packages(path) using defaults
[0.421s] Level 1:colcon.colcon_core.package_discovery:discover_packages(prefix_path) check parameters
[0.421s] Level 1:colcon.colcon_core.package_discovery:discover_packages(prefix_path) discover
[0.437s] DEBUG:colcon.colcon_installed_package_information.package_discovery:Found 3 installed packages in /home/ubuntu/workspace/install
[0.437s] DEBUG:colcon.colcon_installed_package_information.package_discovery:Found 2 installed packages in /home/ubuntu/mobileProject/ros2_ws/install
[0.438s] DEBUG:colcon.colcon_installed_package_information.package_discovery:Found 7 installed packages in /home/ubuntu/colcon_ws/install
[0.439s] DEBUG:colcon.colcon_installed_package_information.package_discovery:Found 256 installed packages in /opt/ros/foxy
[0.440s] Level 1:colcon.colcon_core.package_discovery:discover_packages(prefix_path) using defaults
[0.574s] Level 5:colcon.colcon_core.verb:set package 'finalProject' build argument 'cmake_args' from command line to 'None'
[0.574s] Level 5:colcon.colcon_core.verb:set package 'finalProject' build argument 'cmake_target' from command line to 'None'
[0.574s] Level 5:colcon.colcon_core.verb:set package 'finalProject' build argument 'cmake_target_skip_unavailable' from command line to 'False'
[0.574s] Level 5:colcon.colcon_core.verb:set package 'finalProject' build argument 'cmake_clean_cache' from command line to 'False'
[0.575s] Level 5:colcon.colcon_core.verb:set package 'finalProject' build argument 'cmake_clean_first' from command line to 'False'
[0.575s] Level 5:colcon.colcon_core.verb:set package 'finalProject' build argument 'cmake_force_configure' from command line to 'False'
[0.575s] Level 5:colcon.colcon_core.verb:set package 'finalProject' build argument 'ament_cmake_args' from command line to 'None'
[0.575s] Level 5:colcon.colcon_core.verb:set package 'finalProject' build argument 'catkin_cmake_args' from command line to 'None'
[0.575s] Level 5:colcon.colcon_core.verb:set package 'finalProject' build argument 'catkin_skip_building_tests' from command line to 'False'
[0.575s] DEBUG:colcon.colcon_core.verb:Building package 'finalProject' with the following arguments: {'ament_cmake_args': None, 'build_base': '/home/ubuntu/mobileProject/ros2_ws/build/finalProject', 'catkin_cmake_args': None, 'catkin_skip_building_tests': False, 'cmake_args': None, 'cmake_clean_cache': False, 'cmake_clean_first': False, 'cmake_force_configure': False, 'cmake_target': None, 'cmake_target_skip_unavailable': False, 'install_base': '/home/ubuntu/mobileProject/ros2_ws/install/finalProject', 'merge_install': False, 'path': '/home/ubuntu/mobileProject/ros2_ws/src/finalProject', 'symlink_install': False, 'test_result_base': None}
[0.575s] INFO:colcon.colcon_core.executor:Executing jobs using 'parallel' executor
[0.576s] DEBUG:colcon.colcon_parallel_executor.executor.parallel:run_until_complete
[0.577s] INFO:colcon.colcon_ros.task.ament_python.build:Building ROS package in '/home/ubuntu/mobileProject/ros2_ws/src/finalProject' with build type 'ament_python'
[0.577s] Level 1:colcon.colcon_core.shell:create_environment_hook('finalProject', 'ament_prefix_path')
[0.585s] INFO:colcon.colcon_core.plugin_system:Skipping extension 'colcon_core.shell.bat': Not used on non-Windows systems
[0.585s] INFO:colcon.colcon_core.shell:Creating environment hook '/home/ubuntu/mobileProject/ros2_ws/install/finalProject/share/finalProject/hook/ament_prefix_path.ps1'
[0.586s] INFO:colcon.colcon_core.shell:Creating environment descriptor '/home/ubuntu/mobileProject/ros2_ws/install/finalProject/share/finalProject/hook/ament_prefix_path.dsv'
[0.588s] INFO:colcon.colcon_core.shell:Creating environment hook '/home/ubuntu/mobileProject/ros2_ws/install/finalProject/share/finalProject/hook/ament_prefix_path.sh'
[0.590s] INFO:colcon.colcon_core.shell:Skip shell extension 'powershell' for command environment: Not usable outside of PowerShell
[0.590s] DEBUG:colcon.colcon_core.shell:Skip shell extension 'dsv' for command environment
[0.816s] INFO:colcon.colcon_core.task.python.build:Building Python package in '/home/ubuntu/mobileProject/ros2_ws/src/finalProject'
[0.817s] INFO:colcon.colcon_core.shell:Skip shell extension 'powershell' for command environment: Not usable outside of PowerShell
[0.817s] DEBUG:colcon.colcon_core.shell:Skip shell extension 'dsv' for command environment
[1.336s] DEBUG:colcon.colcon_core.event_handler.log_command:Invoking command in '/home/ubuntu/mobileProject/ros2_ws/src/finalProject': PYTHONPATH=/home/ubuntu/mobileProject/ros2_ws/build/finalProject/prefix_override:/usr/lib/python3/dist-packages/colcon_core/task/python/colcon_distutils_commands:/home/ubuntu/mobileProject/ros2_ws/install/finalProject/lib/python3.8/site-packages:${PYTHONPATH} /usr/bin/python3 -W ignore:setup.py install is deprecated setup.py egg_info --egg-base ../../build/finalProject build --build-base /home/ubuntu/mobileProject/ros2_ws/build/finalProject/build install --record /home/ubuntu/mobileProject/ros2_ws/build/finalProject/install.log --install-scripts $base/lib/finalProject --single-version-externally-managed install_data
[1.636s] DEBUG:colcon.colcon_core.event_handler.log_command:Invoked command in '/home/ubuntu/mobileProject/ros2_ws/src/finalProject' returned '0': PYTHONPATH=/home/ubuntu/mobileProject/ros2_ws/build/finalProject/prefix_override:/usr/lib/python3/dist-packages/colcon_core/task/python/colcon_distutils_commands:/home/ubuntu/mobileProject/ros2_ws/install/finalProject/lib/python3.8/site-packages:${PYTHONPATH} /usr/bin/python3 -W ignore:setup.py install is deprecated setup.py egg_info --egg-base ../../build/finalProject build --build-base /home/ubuntu/mobileProject/ros2_ws/build/finalProject/build install --record /home/ubuntu/mobileProject/ros2_ws/build/finalProject/install.log --install-scripts $base/lib/finalProject --single-version-externally-managed install_data
[1.648s] Level 1:colcon.colcon_core.environment:checking '/home/ubuntu/mobileProject/ros2_ws/install/finalProject' for CMake module files
[1.649s] Level 1:colcon.colcon_core.environment:checking '/home/ubuntu/mobileProject/ros2_ws/install/finalProject' for CMake config files
[1.650s] Level 1:colcon.colcon_core.environment:checking '/home/ubuntu/mobileProject/ros2_ws/install/finalProject/lib'
[1.650s] Level 1:colcon.colcon_core.environment:checking '/home/ubuntu/mobileProject/ros2_ws/install/finalProject/bin'
[1.650s] Level 1:colcon.colcon_core.environment:checking '/home/ubuntu/mobileProject/ros2_ws/install/finalProject/lib/pkgconfig/finalProject.pc'
[1.650s] Level 1:colcon.colcon_core.environment:checking '/home/ubuntu/mobileProject/ros2_ws/install/finalProject/lib/python3.8/site-packages'
[1.650s] Level 1:colcon.colcon_core.shell:create_environment_hook('finalProject', 'pythonpath')
[1.651s] INFO:colcon.colcon_core.shell:Creating environment hook '/home/ubuntu/mobileProject/ros2_ws/install/finalProject/share/finalProject/hook/pythonpath.ps1'
[1.652s] INFO:colcon.colcon_core.shell:Creating environment descriptor '/home/ubuntu/mobileProject/ros2_ws/install/finalProject/share/finalProject/hook/pythonpath.dsv'
[1.653s] INFO:colcon.colcon_core.shell:Creating environment hook '/home/ubuntu/mobileProject/ros2_ws/install/finalProject/share/finalProject/hook/pythonpath.sh'
[1.654s] Level 1:colcon.colcon_core.environment:checking '/home/ubuntu/mobileProject/ros2_ws/install/finalProject/bin'
[1.654s] Level 1:colcon.colcon_core.environment:create_environment_scripts_only(finalProject)
[1.654s] INFO:colcon.colcon_core.shell:Creating package script '/home/ubuntu/mobileProject/ros2_ws/install/finalProject/share/finalProject/package.ps1'
[1.656s] INFO:colcon.colcon_core.shell:Creating package descriptor '/home/ubuntu/mobileProject/ros2_ws/install/finalProject/share/finalProject/package.dsv'
[1.659s] INFO:colcon.colcon_core.shell:Creating package script '/home/ubuntu/mobileProject/ros2_ws/install/finalProject/share/finalProject/package.sh'
[1.661s] INFO:colcon.colcon_core.shell:Creating package script '/home/ubuntu/mobileProject/ros2_ws/install/finalProject/share/finalProject/package.bash'
[1.663s] INFO:colcon.colcon_core.shell:Creating package script '/home/ubuntu/mobileProject/ros2_ws/install/finalProject/share/finalProject/package.zsh'
[1.665s] Level 1:colcon.colcon_core.environment:create_file_with_runtime_dependencies(/home/ubuntu/mobileProject/ros2_ws/install/finalProject/share/colcon-core/packages/finalProject)
[1.666s] DEBUG:colcon.colcon_parallel_executor.executor.parallel:closing loop
[1.666s] DEBUG:colcon.colcon_parallel_executor.executor.parallel:loop closed
[1.666s] DEBUG:colcon.colcon_parallel_executor.executor.parallel:run_until_complete finished with '0'
[1.666s] DEBUG:colcon.colcon_core.event_reactor:joining thread
[1.680s] INFO:colcon.colcon_core.plugin_system:Skipping extension 'colcon_notification.desktop_notification.terminal_notifier': Not used on non-Darwin systems
[1.680s] INFO:colcon.colcon_core.plugin_system:Skipping extension 'colcon_notification.desktop_notification.win32': Not used on non-Windows systems
[1.680s] INFO:colcon.colcon_notification.desktop_notification:Sending desktop notification using 'notify2'
[1.875s] DEBUG:colcon.colcon_core.event_reactor:joined thread
[1.876s] INFO:colcon.colcon_core.shell:Creating prefix script '/home/ubuntu/mobileProject/ros2_ws/install/local_setup.ps1'
[1.877s] INFO:colcon.colcon_core.shell:Creating prefix util module '/home/ubuntu/mobileProject/ros2_ws/install/_local_setup_util_ps1.py'
[1.879s] INFO:colcon.colcon_core.shell:Creating prefix chain script '/home/ubuntu/mobileProject/ros2_ws/install/setup.ps1'
[1.882s] INFO:colcon.colcon_core.shell:Creating prefix script '/home/ubuntu/mobileProject/ros2_ws/install/local_setup.sh'
[1.884s] INFO:colcon.colcon_core.shell:Creating prefix util module '/home/ubuntu/mobileProject/ros2_ws/install/_local_setup_util_sh.py'
[1.885s] INFO:colcon.colcon_core.shell:Creating prefix chain script '/home/ubuntu/mobileProject/ros2_ws/install/setup.sh'
[1.941s] INFO:colcon.colcon_core.shell:Creating prefix script '/home/ubuntu/mobileProject/ros2_ws/install/local_setup.bash'
[1.944s] INFO:colcon.colcon_core.shell:Creating prefix chain script '/home/ubuntu/mobileProject/ros2_ws/install/setup.bash'
[1.946s] INFO:colcon.colcon_core.shell:Creating prefix script '/home/ubuntu/mobileProject/ros2_ws/install/local_setup.zsh'
[1.947s] INFO:colcon.colcon_core.shell:Creating prefix chain script '/home/ubuntu/mobileProject/ros2_ws/install/setup.zsh'
