/home/ubuntu/mobileProject/ros2_ws/install/finalProject/lib/python3.8/site-packages/finalProject/movementHardcoded.py
/home/ubuntu/mobileProject/ros2_ws/install/finalProject/lib/python3.8/site-packages/finalProject/__init__.py
/home/ubuntu/mobileProject/ros2_ws/install/finalProject/lib/python3.8/site-packages/finalProject/move_rectangular.py
/home/ubuntu/mobileProject/ros2_ws/install/finalProject/lib/python3.8/site-packages/finalProject/move_circle.py
/home/ubuntu/mobileProject/ros2_ws/install/finalProject/lib/python3.8/site-packages/finalProject/__pycache__/movementHardcoded.cpython-38.pyc
/home/ubuntu/mobileProject/ros2_ws/install/finalProject/lib/python3.8/site-packages/finalProject/__pycache__/__init__.cpython-38.pyc
/home/ubuntu/mobileProject/ros2_ws/install/finalProject/lib/python3.8/site-packages/finalProject/__pycache__/move_rectangular.cpython-38.pyc
/home/ubuntu/mobileProject/ros2_ws/install/finalProject/lib/python3.8/site-packages/finalProject/__pycache__/move_circle.cpython-38.pyc
/home/ubuntu/mobileProject/ros2_ws/install/finalProject/share/ament_index/resource_index/packages/finalProject
/home/ubuntu/mobileProject/ros2_ws/install/finalProject/share/finalProject/package.xml
/home/ubuntu/mobileProject/ros2_ws/install/finalProject/lib/python3.8/site-packages/finalProject-0.0.0-py3.8.egg-info/top_level.txt
/home/ubuntu/mobileProject/ros2_ws/install/finalProject/lib/python3.8/site-packages/finalProject-0.0.0-py3.8.egg-info/requires.txt
/home/ubuntu/mobileProject/ros2_ws/install/finalProject/lib/python3.8/site-packages/finalProject-0.0.0-py3.8.egg-info/dependency_links.txt
/home/ubuntu/mobileProject/ros2_ws/install/finalProject/lib/python3.8/site-packages/finalProject-0.0.0-py3.8.egg-info/PKG-INFO
/home/ubuntu/mobileProject/ros2_ws/install/finalProject/lib/python3.8/site-packages/finalProject-0.0.0-py3.8.egg-info/entry_points.txt
/home/ubuntu/mobileProject/ros2_ws/install/finalProject/lib/python3.8/site-packages/finalProject-0.0.0-py3.8.egg-info/zip-safe
/home/ubuntu/mobileProject/ros2_ws/install/finalProject/lib/python3.8/site-packages/finalProject-0.0.0-py3.8.egg-info/SOURCES.txt
/home/ubuntu/mobileProject/ros2_ws/install/finalProject/lib/finalProject/move_circle
/home/ubuntu/mobileProject/ros2_ws/install/finalProject/lib/finalProject/move_rectangle
/home/ubuntu/mobileProject/ros2_ws/install/finalProject/lib/finalProject/movement
