[0.570s] Invoking command in '/home/ubuntu/mobileProject/ros2_ws/src/finalProject': PYTHONPATH=/home/ubuntu/mobileProject/ros2_ws/build/finalProject/prefix_override:/usr/lib/python3/dist-packages/colcon_core/task/python/colcon_distutils_commands:/home/ubuntu/mobileProject/ros2_ws/install/finalProject/lib/python3.8/site-packages:${PYTHONPATH} /usr/bin/python3 -W ignore:setup.py install is deprecated setup.py egg_info --egg-base ../../build/finalProject build --build-base /home/ubuntu/mobileProject/ros2_ws/build/finalProject/build install --record /home/ubuntu/mobileProject/ros2_ws/build/finalProject/install.log --install-scripts $base/lib/finalProject --single-version-externally-managed install_data
[0.759s] running egg_info
[0.760s] writing ../../build/finalProject/finalProject.egg-info/PKG-INFO
[0.760s] writing dependency_links to ../../build/finalProject/finalProject.egg-info/dependency_links.txt
[0.761s] writing entry points to ../../build/finalProject/finalProject.egg-info/entry_points.txt
[0.768s] writing requirements to ../../build/finalProject/finalProject.egg-info/requires.txt
[0.768s] writing top-level names to ../../build/finalProject/finalProject.egg-info/top_level.txt
[0.795s] reading manifest file '../../build/finalProject/finalProject.egg-info/SOURCES.txt'
[0.796s] writing manifest file '../../build/finalProject/finalProject.egg-info/SOURCES.txt'
[0.796s] running build
[0.797s] running build_py
[0.797s] running install
[0.798s] running install_lib
[0.800s] running install_data
[0.800s] running install_egg_info
[0.802s] removing '/home/ubuntu/mobileProject/ros2_ws/install/finalProject/lib/python3.8/site-packages/finalProject-0.0.0-py3.8.egg-info' (and everything under it)
[0.802s] Copying ../../build/finalProject/finalProject.egg-info to /home/ubuntu/mobileProject/ros2_ws/install/finalProject/lib/python3.8/site-packages/finalProject-0.0.0-py3.8.egg-info
[0.803s] running install_scripts
[0.818s] Installing move_circle script to /home/ubuntu/mobileProject/ros2_ws/install/finalProject/lib/finalProject
[0.818s] Installing move_rectangle script to /home/ubuntu/mobileProject/ros2_ws/install/finalProject/lib/finalProject
[0.819s] Installing movement script to /home/ubuntu/mobileProject/ros2_ws/install/finalProject/lib/finalProject
[0.820s] writing list of installed files to '/home/ubuntu/mobileProject/ros2_ws/build/finalProject/install.log'
[0.838s] Invoked command in '/home/ubuntu/mobileProject/ros2_ws/src/finalProject' returned '0': PYTHONPATH=/home/ubuntu/mobileProject/ros2_ws/build/finalProject/prefix_override:/usr/lib/python3/dist-packages/colcon_core/task/python/colcon_distutils_commands:/home/ubuntu/mobileProject/ros2_ws/install/finalProject/lib/python3.8/site-packages:${PYTHONPATH} /usr/bin/python3 -W ignore:setup.py install is deprecated setup.py egg_info --egg-base ../../build/finalProject build --build-base /home/ubuntu/mobileProject/ros2_ws/build/finalProject/build install --record /home/ubuntu/mobileProject/ros2_ws/build/finalProject/install.log --install-scripts $base/lib/finalProject --single-version-externally-managed install_data
