running egg_info
writing ../../build/finalProject/finalProject.egg-info/PKG-INFO
writing dependency_links to ../../build/finalProject/finalProject.egg-info/dependency_links.txt
writing entry points to ../../build/finalProject/finalProject.egg-info/entry_points.txt
writing requirements to ../../build/finalProject/finalProject.egg-info/requires.txt
writing top-level names to ../../build/finalProject/finalProject.egg-info/top_level.txt
reading manifest file '../../build/finalProject/finalProject.egg-info/SOURCES.txt'
writing manifest file '../../build/finalProject/finalProject.egg-info/SOURCES.txt'
running build
running build_py
copying finalProject/move_rectangular.py -> /home/ubuntu/TurtleBot_Room/ros2_ws/build/finalProject/build/lib/finalProject
copying finalProject/move_circle.py -> /home/ubuntu/TurtleBot_Room/ros2_ws/build/finalProject/build/lib/finalProject
running install
running install_lib
copying /home/ubuntu/TurtleBot_Room/ros2_ws/build/finalProject/build/lib/finalProject/move_rectangular.py -> /home/ubuntu/TurtleBot_Room/ros2_ws/install/finalProject/lib/python3.8/site-packages/finalProject
copying /home/ubuntu/TurtleBot_Room/ros2_ws/build/finalProject/build/lib/finalProject/move_circle.py -> /home/ubuntu/TurtleBot_Room/ros2_ws/install/finalProject/lib/python3.8/site-packages/finalProject
byte-compiling /home/ubuntu/TurtleBot_Room/ros2_ws/install/finalProject/lib/python3.8/site-packages/finalProject/move_rectangular.py to move_rectangular.cpython-38.pyc
byte-compiling /home/ubuntu/TurtleBot_Room/ros2_ws/install/finalProject/lib/python3.8/site-packages/finalProject/move_circle.py to move_circle.cpython-38.pyc
running install_data
running install_egg_info
removing '/home/ubuntu/TurtleBot_Room/ros2_ws/install/finalProject/lib/python3.8/site-packages/finalProject-0.0.0-py3.8.egg-info' (and everything under it)
Copying ../../build/finalProject/finalProject.egg-info to /home/ubuntu/TurtleBot_Room/ros2_ws/install/finalProject/lib/python3.8/site-packages/finalProject-0.0.0-py3.8.egg-info
running install_scripts
Installing move_circle script to /home/ubuntu/TurtleBot_Room/ros2_ws/install/finalProject/lib/finalProject
Installing move_rectangle script to /home/ubuntu/TurtleBot_Room/ros2_ws/install/finalProject/lib/finalProject
writing list of installed files to '/home/ubuntu/TurtleBot_Room/ros2_ws/build/finalProject/install.log'
