[0.758s] Invoking command in '/home/ubuntu/mobileProject/ros2_ws/src/finalProject': PYTHONPATH=/home/ubuntu/mobileProject/ros2_ws/build/finalProject/prefix_override:/usr/lib/python3/dist-packages/colcon_core/task/python/colcon_distutils_commands:/home/ubuntu/mobileProject/ros2_ws/install/finalProject/lib/python3.8/site-packages:${PYTHONPATH} /usr/bin/python3 -W ignore:setup.py install is deprecated setup.py egg_info --egg-base ../../build/finalProject build --build-base /home/ubuntu/mobileProject/ros2_ws/build/finalProject/build install --record /home/ubuntu/mobileProject/ros2_ws/build/finalProject/install.log --install-scripts $base/lib/finalProject --single-version-externally-managed install_data
[0.950s] running egg_info
[0.950s] writing ../../build/finalProject/finalProject.egg-info/PKG-INFO
[0.950s] writing dependency_links to ../../build/finalProject/finalProject.egg-info/dependency_links.txt
[0.951s] writing entry points to ../../build/finalProject/finalProject.egg-info/entry_points.txt
[0.952s] writing requirements to ../../build/finalProject/finalProject.egg-info/requires.txt
[0.953s] writing top-level names to ../../build/finalProject/finalProject.egg-info/top_level.txt
[0.997s] reading manifest file '../../build/finalProject/finalProject.egg-info/SOURCES.txt'
[0.998s] writing manifest file '../../build/finalProject/finalProject.egg-info/SOURCES.txt'
[0.998s] running build
[0.998s] running build_py
[0.999s] copying finalProject/movementHardcoded.py -> /home/ubuntu/mobileProject/ros2_ws/build/finalProject/build/lib/finalProject
[1.000s] copying finalProject/move_rectangular.py -> /home/ubuntu/mobileProject/ros2_ws/build/finalProject/build/lib/finalProject
[1.000s] copying finalProject/move_circle.py -> /home/ubuntu/mobileProject/ros2_ws/build/finalProject/build/lib/finalProject
[1.000s] running install
[1.001s] running install_lib
[1.002s] copying /home/ubuntu/mobileProject/ros2_ws/build/finalProject/build/lib/finalProject/movementHardcoded.py -> /home/ubuntu/mobileProject/ros2_ws/install/finalProject/lib/python3.8/site-packages/finalProject
[1.002s] copying /home/ubuntu/mobileProject/ros2_ws/build/finalProject/build/lib/finalProject/move_rectangular.py -> /home/ubuntu/mobileProject/ros2_ws/install/finalProject/lib/python3.8/site-packages/finalProject
[1.002s] copying /home/ubuntu/mobileProject/ros2_ws/build/finalProject/build/lib/finalProject/move_circle.py -> /home/ubuntu/mobileProject/ros2_ws/install/finalProject/lib/python3.8/site-packages/finalProject
[1.003s] byte-compiling /home/ubuntu/mobileProject/ros2_ws/install/finalProject/lib/python3.8/site-packages/finalProject/movementHardcoded.py to movementHardcoded.cpython-38.pyc
[1.005s] byte-compiling /home/ubuntu/mobileProject/ros2_ws/install/finalProject/lib/python3.8/site-packages/finalProject/move_rectangular.py to move_rectangular.cpython-38.pyc
[1.006s] byte-compiling /home/ubuntu/mobileProject/ros2_ws/install/finalProject/lib/python3.8/site-packages/finalProject/move_circle.py to move_circle.cpython-38.pyc
[1.007s] running install_data
[1.007s] running install_egg_info
[1.009s] removing '/home/ubuntu/mobileProject/ros2_ws/install/finalProject/lib/python3.8/site-packages/finalProject-0.0.0-py3.8.egg-info' (and everything under it)
[1.010s] Copying ../../build/finalProject/finalProject.egg-info to /home/ubuntu/mobileProject/ros2_ws/install/finalProject/lib/python3.8/site-packages/finalProject-0.0.0-py3.8.egg-info
[1.012s] running install_scripts
[1.027s] Installing move_circle script to /home/ubuntu/mobileProject/ros2_ws/install/finalProject/lib/finalProject
[1.028s] Installing move_rectangle script to /home/ubuntu/mobileProject/ros2_ws/install/finalProject/lib/finalProject
[1.029s] Installing movement script to /home/ubuntu/mobileProject/ros2_ws/install/finalProject/lib/finalProject
[1.030s] writing list of installed files to '/home/ubuntu/mobileProject/ros2_ws/build/finalProject/install.log'
[1.058s] Invoked command in '/home/ubuntu/mobileProject/ros2_ws/src/finalProject' returned '0': PYTHONPATH=/home/ubuntu/mobileProject/ros2_ws/build/finalProject/prefix_override:/usr/lib/python3/dist-packages/colcon_core/task/python/colcon_distutils_commands:/home/ubuntu/mobileProject/ros2_ws/install/finalProject/lib/python3.8/site-packages:${PYTHONPATH} /usr/bin/python3 -W ignore:setup.py install is deprecated setup.py egg_info --egg-base ../../build/finalProject build --build-base /home/ubuntu/mobileProject/ros2_ws/build/finalProject/build install --record /home/ubuntu/mobileProject/ros2_ws/build/finalProject/install.log --install-scripts $base/lib/finalProject --single-version-externally-managed install_data
