[0.120s] DEBUG:colcon:Command line arguments: ['/usr/bin/colcon', 'build']
[0.120s] DEBUG:colcon:Parsed command line arguments: Namespace(allow_overriding=[], ament_cmake_args=None, base_paths=['.'], build_base='build', catkin_cmake_args=None, catkin_skip_building_tests=False, cmake_args=None, cmake_clean_cache=False, cmake_clean_first=False, cmake_force_configure=False, cmake_target=None, cmake_target_skip_unavailable=False, continue_on_error=False, event_handlers=None, executor='parallel', ignore_user_meta=False, install_base='install', log_base=None, log_level=None, main=<bound method BuildVerb.main of <colcon_core.verb.build.BuildVerb object at 0x7ff2cb740580>>, merge_install=False, metas=['./colcon.meta'], packages_above=None, packages_above_and_dependencies=None, packages_above_depth=None, packages_end=None, packages_ignore=None, packages_ignore_regex=None, packages_select=None, packages_select_build_failed=False, packages_select_by_dep=None, packages_select_regex=None, packages_select_test_failures=False, packages_skip=None, packages_skip_build_finished=False, packages_skip_by_dep=None, packages_skip_regex=None, packages_skip_test_passed=False, packages_skip_up_to=None, packages_start=None, packages_up_to=None, packages_up_to_regex=None, parallel_workers=4, paths=None, symlink_install=False, test_result_base=None, verb_extension=<colcon_core.verb.build.BuildVerb object at 0x7ff2cb740580>, verb_name='build', verb_parser=<colcon_defaults.argument_parser.defaults.DefaultArgumentsDecorator object at 0x7ff2cb606460>)
[0.285s] Level 1:colcon.colcon_core.package_discovery:discover_packages(colcon_meta) check parameters
[0.285s] Level 1:colcon.colcon_core.package_discovery:discover_packages(recursive) check parameters
[0.285s] Level 1:colcon.colcon_core.package_discovery:discover_packages(ignore) check parameters
[0.285s] Level 1:colcon.colcon_core.package_discovery:discover_packages(path) check parameters
[0.285s] Level 1:colcon.colcon_core.package_discovery:discover_packages(colcon_meta) discover
[0.285s] Level 1:colcon.colcon_core.package_discovery:discover_packages(recursive) discover
[0.285s] INFO:colcon.colcon_core.package_discovery:Crawling recursively for packages in '/home/ubuntu/TurtleBot_Room/ros2_ws'
[0.285s] Level 1:colcon.colcon_core.package_identification:_identify(.) by extensions ['ignore', 'ignore_ament_install']
[0.286s] Level 1:colcon.colcon_core.package_identification:_identify(.) by extension 'ignore'
[0.286s] Level 1:colcon.colcon_core.package_identification:_identify(.) by extension 'ignore_ament_install'
[0.286s] Level 1:colcon.colcon_core.package_identification:_identify(.) by extensions ['colcon_pkg']
[0.286s] Level 1:colcon.colcon_core.package_identification:_identify(.) by extension 'colcon_pkg'
[0.286s] Level 1:colcon.colcon_core.package_identification:_identify(.) by extensions ['colcon_meta']
[0.286s] Level 1:colcon.colcon_core.package_identification:_identify(.) by extension 'colcon_meta'
[0.286s] Level 1:colcon.colcon_core.package_identification:_identify(.) by extensions ['ros']
[0.286s] Level 1:colcon.colcon_core.package_identification:_identify(.) by extension 'ros'
[0.300s] Level 1:colcon.colcon_core.package_identification:_identify(.) by extensions ['cmake', 'python']
[0.300s] Level 1:colcon.colcon_core.package_identification:_identify(.) by extension 'cmake'
[0.300s] Level 1:colcon.colcon_core.package_identification:_identify(.) by extension 'python'
[0.300s] Level 1:colcon.colcon_core.package_identification:_identify(.) by extensions ['python_setup_py']
[0.300s] Level 1:colcon.colcon_core.package_identification:_identify(.) by extension 'python_setup_py'
[0.300s] Level 1:colcon.colcon_core.package_identification:_identify(build) by extensions ['ignore', 'ignore_ament_install']
[0.300s] Level 1:colcon.colcon_core.package_identification:_identify(build) by extension 'ignore'
[0.300s] Level 1:colcon.colcon_core.package_identification:_identify(build) ignored
[0.300s] Level 1:colcon.colcon_core.package_identification:_identify(install) by extensions ['ignore', 'ignore_ament_install']
[0.300s] Level 1:colcon.colcon_core.package_identification:_identify(install) by extension 'ignore'
[0.300s] Level 1:colcon.colcon_core.package_identification:_identify(install) ignored
[0.300s] Level 1:colcon.colcon_core.package_identification:_identify(log) by extensions ['ignore', 'ignore_ament_install']
[0.300s] Level 1:colcon.colcon_core.package_identification:_identify(log) by extension 'ignore'
[0.300s] Level 1:colcon.colcon_core.package_identification:_identify(log) ignored
[0.300s] Level 1:colcon.colcon_core.package_identification:_identify(src) by extensions ['ignore', 'ignore_ament_install']
[0.300s] Level 1:colcon.colcon_core.package_identification:_identify(src) by extension 'ignore'
[0.300s] Level 1:colcon.colcon_core.package_identification:_identify(src) by extension 'ignore_ament_install'
[0.300s] Level 1:colcon.colcon_core.package_identification:_identify(src) by extensions ['colcon_pkg']
[0.300s] Level 1:colcon.colcon_core.package_identification:_identify(src) by extension 'colcon_pkg'
[0.300s] Level 1:colcon.colcon_core.package_identification:_identify(src) by extensions ['colcon_meta']
[0.300s] Level 1:colcon.colcon_core.package_identification:_identify(src) by extension 'colcon_meta'
[0.300s] Level 1:colcon.colcon_core.package_identification:_identify(src) by extensions ['ros']
[0.300s] Level 1:colcon.colcon_core.package_identification:_identify(src) by extension 'ros'
[0.300s] Level 1:colcon.colcon_core.package_identification:_identify(src) by extensions ['cmake', 'python']
[0.301s] Level 1:colcon.colcon_core.package_identification:_identify(src) by extension 'cmake'
[0.301s] Level 1:colcon.colcon_core.package_identification:_identify(src) by extension 'python'
[0.301s] Level 1:colcon.colcon_core.package_identification:_identify(src) by extensions ['python_setup_py']
[0.301s] Level 1:colcon.colcon_core.package_identification:_identify(src) by extension 'python_setup_py'
[0.301s] Level 1:colcon.colcon_core.package_identification:_identify(src/ROS-TCP-Endpoint-0.7.0) by extensions ['ignore', 'ignore_ament_install']
[0.301s] Level 1:colcon.colcon_core.package_identification:_identify(src/ROS-TCP-Endpoint-0.7.0) by extension 'ignore'
[0.301s] Level 1:colcon.colcon_core.package_identification:_identify(src/ROS-TCP-Endpoint-0.7.0) by extension 'ignore_ament_install'
[0.301s] Level 1:colcon.colcon_core.package_identification:_identify(src/ROS-TCP-Endpoint-0.7.0) by extensions ['colcon_pkg']
[0.301s] Level 1:colcon.colcon_core.package_identification:_identify(src/ROS-TCP-Endpoint-0.7.0) by extension 'colcon_pkg'
[0.301s] Level 1:colcon.colcon_core.package_identification:_identify(src/ROS-TCP-Endpoint-0.7.0) by extensions ['colcon_meta']
[0.301s] Level 1:colcon.colcon_core.package_identification:_identify(src/ROS-TCP-Endpoint-0.7.0) by extension 'colcon_meta'
[0.301s] Level 1:colcon.colcon_core.package_identification:_identify(src/ROS-TCP-Endpoint-0.7.0) by extensions ['ros']
[0.301s] Level 1:colcon.colcon_core.package_identification:_identify(src/ROS-TCP-Endpoint-0.7.0) by extension 'ros'
[0.304s] DEBUG:colcon.colcon_core.package_identification:Package 'src/ROS-TCP-Endpoint-0.7.0' with type 'ros.catkin' and name 'ros_tcp_endpoint'
[0.304s] Level 1:colcon.colcon_core.package_identification:_identify(src/finalProject) by extensions ['ignore', 'ignore_ament_install']
[0.304s] Level 1:colcon.colcon_core.package_identification:_identify(src/finalProject) by extension 'ignore'
[0.304s] Level 1:colcon.colcon_core.package_identification:_identify(src/finalProject) by extension 'ignore_ament_install'
[0.304s] Level 1:colcon.colcon_core.package_identification:_identify(src/finalProject) by extensions ['colcon_pkg']
[0.304s] Level 1:colcon.colcon_core.package_identification:_identify(src/finalProject) by extension 'colcon_pkg'
[0.304s] Level 1:colcon.colcon_core.package_identification:_identify(src/finalProject) by extensions ['colcon_meta']
[0.304s] Level 1:colcon.colcon_core.package_identification:_identify(src/finalProject) by extension 'colcon_meta'
[0.304s] Level 1:colcon.colcon_core.package_identification:_identify(src/finalProject) by extensions ['ros']
[0.304s] Level 1:colcon.colcon_core.package_identification:_identify(src/finalProject) by extension 'ros'
[0.305s] DEBUG:colcon.colcon_core.package_identification:Package 'src/finalProject' with type 'ros.ament_python' and name 'finalProject'
[0.305s] Level 1:colcon.colcon_core.package_discovery:discover_packages(recursive) using defaults
[0.305s] Level 1:colcon.colcon_core.package_discovery:discover_packages(ignore) discover
[0.305s] Level 1:colcon.colcon_core.package_discovery:discover_packages(ignore) using defaults
[0.305s] Level 1:colcon.colcon_core.package_discovery:discover_packages(path) discover
[0.305s] Level 1:colcon.colcon_core.package_discovery:discover_packages(path) using defaults
[0.339s] Level 1:colcon.colcon_core.package_discovery:discover_packages(prefix_path) check parameters
[0.339s] Level 1:colcon.colcon_core.package_discovery:discover_packages(prefix_path) discover
[0.345s] DEBUG:colcon.colcon_installed_package_information.package_discovery:Found 1 installed packages in /home/ubuntu/TurtleBot_Room/ros2_ws/install
[0.345s] DEBUG:colcon.colcon_installed_package_information.package_discovery:Found 7 installed packages in /home/ubuntu/colcon_ws/install
[0.347s] DEBUG:colcon.colcon_installed_package_information.package_discovery:Found 256 installed packages in /opt/ros/foxy
[0.348s] Level 1:colcon.colcon_core.package_discovery:discover_packages(prefix_path) using defaults
[0.441s] Level 5:colcon.colcon_core.verb:set package 'finalProject' build argument 'cmake_args' from command line to 'None'
[0.441s] Level 5:colcon.colcon_core.verb:set package 'finalProject' build argument 'cmake_target' from command line to 'None'
[0.441s] Level 5:colcon.colcon_core.verb:set package 'finalProject' build argument 'cmake_target_skip_unavailable' from command line to 'False'
[0.441s] Level 5:colcon.colcon_core.verb:set package 'finalProject' build argument 'cmake_clean_cache' from command line to 'False'
[0.441s] Level 5:colcon.colcon_core.verb:set package 'finalProject' build argument 'cmake_clean_first' from command line to 'False'
[0.441s] Level 5:colcon.colcon_core.verb:set package 'finalProject' build argument 'cmake_force_configure' from command line to 'False'
[0.441s] Level 5:colcon.colcon_core.verb:set package 'finalProject' build argument 'ament_cmake_args' from command line to 'None'
[0.441s] Level 5:colcon.colcon_core.verb:set package 'finalProject' build argument 'catkin_cmake_args' from command line to 'None'
[0.441s] Level 5:colcon.colcon_core.verb:set package 'finalProject' build argument 'catkin_skip_building_tests' from command line to 'False'
[0.441s] DEBUG:colcon.colcon_core.verb:Building package 'finalProject' with the following arguments: {'ament_cmake_args': None, 'build_base': '/home/ubuntu/TurtleBot_Room/ros2_ws/build/finalProject', 'catkin_cmake_args': None, 'catkin_skip_building_tests': False, 'cmake_args': None, 'cmake_clean_cache': False, 'cmake_clean_first': False, 'cmake_force_configure': False, 'cmake_target': None, 'cmake_target_skip_unavailable': False, 'install_base': '/home/ubuntu/TurtleBot_Room/ros2_ws/install/finalProject', 'merge_install': False, 'path': '/home/ubuntu/TurtleBot_Room/ros2_ws/src/finalProject', 'symlink_install': False, 'test_result_base': None}
[0.441s] Level 5:colcon.colcon_core.verb:set package 'ros_tcp_endpoint' build argument 'cmake_args' from command line to 'None'
[0.441s] Level 5:colcon.colcon_core.verb:set package 'ros_tcp_endpoint' build argument 'cmake_target' from command line to 'None'
[0.441s] Level 5:colcon.colcon_core.verb:set package 'ros_tcp_endpoint' build argument 'cmake_target_skip_unavailable' from command line to 'False'
[0.442s] Level 5:colcon.colcon_core.verb:set package 'ros_tcp_endpoint' build argument 'cmake_clean_cache' from command line to 'False'
[0.442s] Level 5:colcon.colcon_core.verb:set package 'ros_tcp_endpoint' build argument 'cmake_clean_first' from command line to 'False'
[0.442s] Level 5:colcon.colcon_core.verb:set package 'ros_tcp_endpoint' build argument 'cmake_force_configure' from command line to 'False'
[0.442s] Level 5:colcon.colcon_core.verb:set package 'ros_tcp_endpoint' build argument 'ament_cmake_args' from command line to 'None'
[0.442s] Level 5:colcon.colcon_core.verb:set package 'ros_tcp_endpoint' build argument 'catkin_cmake_args' from command line to 'None'
[0.442s] Level 5:colcon.colcon_core.verb:set package 'ros_tcp_endpoint' build argument 'catkin_skip_building_tests' from command line to 'False'
[0.442s] DEBUG:colcon.colcon_core.verb:Building package 'ros_tcp_endpoint' with the following arguments: {'ament_cmake_args': None, 'build_base': '/home/ubuntu/TurtleBot_Room/ros2_ws/build/ros_tcp_endpoint', 'catkin_cmake_args': None, 'catkin_skip_building_tests': False, 'cmake_args': None, 'cmake_clean_cache': False, 'cmake_clean_first': False, 'cmake_force_configure': False, 'cmake_target': None, 'cmake_target_skip_unavailable': False, 'install_base': '/home/ubuntu/TurtleBot_Room/ros2_ws/install/ros_tcp_endpoint', 'merge_install': False, 'path': '/home/ubuntu/TurtleBot_Room/ros2_ws/src/ROS-TCP-Endpoint-0.7.0', 'symlink_install': False, 'test_result_base': None}
[0.442s] INFO:colcon.colcon_core.executor:Executing jobs using 'parallel' executor
[0.443s] DEBUG:colcon.colcon_parallel_executor.executor.parallel:run_until_complete
[0.443s] INFO:colcon.colcon_ros.task.ament_python.build:Building ROS package in '/home/ubuntu/TurtleBot_Room/ros2_ws/src/finalProject' with build type 'ament_python'
[0.443s] Level 1:colcon.colcon_core.shell:create_environment_hook('finalProject', 'ament_prefix_path')
[0.453s] INFO:colcon.colcon_core.plugin_system:Skipping extension 'colcon_core.shell.bat': Not used on non-Windows systems
[0.453s] INFO:colcon.colcon_core.shell:Creating environment hook '/home/ubuntu/TurtleBot_Room/ros2_ws/install/finalProject/share/finalProject/hook/ament_prefix_path.ps1'
[0.454s] INFO:colcon.colcon_core.shell:Creating environment descriptor '/home/ubuntu/TurtleBot_Room/ros2_ws/install/finalProject/share/finalProject/hook/ament_prefix_path.dsv'
[0.455s] INFO:colcon.colcon_core.shell:Creating environment hook '/home/ubuntu/TurtleBot_Room/ros2_ws/install/finalProject/share/finalProject/hook/ament_prefix_path.sh'
[0.456s] INFO:colcon.colcon_core.shell:Skip shell extension 'powershell' for command environment: Not usable outside of PowerShell
[0.456s] DEBUG:colcon.colcon_core.shell:Skip shell extension 'dsv' for command environment
[0.463s] INFO:colcon.colcon_ros.task.catkin.build:Building ROS package in '/home/ubuntu/TurtleBot_Room/ros2_ws/src/ROS-TCP-Endpoint-0.7.0' with build type 'catkin'
[0.463s] INFO:colcon.colcon_cmake.task.cmake.build:Building CMake package in '/home/ubuntu/TurtleBot_Room/ros2_ws/src/ROS-TCP-Endpoint-0.7.0'
[0.464s] INFO:colcon.colcon_core.shell:Skip shell extension 'powershell' for command environment: Not usable outside of PowerShell
[0.464s] DEBUG:colcon.colcon_core.shell:Skip shell extension 'dsv' for command environment
[0.614s] INFO:colcon.colcon_core.task.python.build:Building Python package in '/home/ubuntu/TurtleBot_Room/ros2_ws/src/finalProject'
[0.614s] INFO:colcon.colcon_core.shell:Skip shell extension 'powershell' for command environment: Not usable outside of PowerShell
[0.614s] DEBUG:colcon.colcon_core.shell:Skip shell extension 'dsv' for command environment
[0.622s] DEBUG:colcon.colcon_core.event_handler.log_command:Invoking command in '/home/ubuntu/TurtleBot_Room/ros2_ws/build/ros_tcp_endpoint': /usr/bin/cmake /home/ubuntu/TurtleBot_Room/ros2_ws/src/ROS-TCP-Endpoint-0.7.0 -DCATKIN_INSTALL_INTO_PREFIX_ROOT=0 -DCMAKE_INSTALL_PREFIX=/home/ubuntu/TurtleBot_Room/ros2_ws/install/ros_tcp_endpoint
[1.163s] DEBUG:colcon.colcon_core.event_handler.log_command:Invoking command in '/home/ubuntu/TurtleBot_Room/ros2_ws/src/finalProject': PYTHONPATH=/home/ubuntu/TurtleBot_Room/ros2_ws/build/finalProject/prefix_override:/usr/lib/python3/dist-packages/colcon_core/task/python/colcon_distutils_commands:/home/ubuntu/TurtleBot_Room/ros2_ws/install/finalProject/lib/python3.8/site-packages:${PYTHONPATH} /usr/bin/python3 -W ignore:setup.py install is deprecated setup.py egg_info --egg-base ../../build/finalProject build --build-base /home/ubuntu/TurtleBot_Room/ros2_ws/build/finalProject/build install --record /home/ubuntu/TurtleBot_Room/ros2_ws/build/finalProject/install.log --install-scripts $base/lib/finalProject --single-version-externally-managed install_data
[1.369s] DEBUG:colcon.colcon_core.event_handler.log_command:Invoked command in '/home/ubuntu/TurtleBot_Room/ros2_ws/src/finalProject' returned '0': PYTHONPATH=/home/ubuntu/TurtleBot_Room/ros2_ws/build/finalProject/prefix_override:/usr/lib/python3/dist-packages/colcon_core/task/python/colcon_distutils_commands:/home/ubuntu/TurtleBot_Room/ros2_ws/install/finalProject/lib/python3.8/site-packages:${PYTHONPATH} /usr/bin/python3 -W ignore:setup.py install is deprecated setup.py egg_info --egg-base ../../build/finalProject build --build-base /home/ubuntu/TurtleBot_Room/ros2_ws/build/finalProject/build install --record /home/ubuntu/TurtleBot_Room/ros2_ws/build/finalProject/install.log --install-scripts $base/lib/finalProject --single-version-externally-managed install_data
[1.383s] Level 1:colcon.colcon_core.environment:checking '/home/ubuntu/TurtleBot_Room/ros2_ws/install/finalProject' for CMake module files
[1.383s] Level 1:colcon.colcon_core.environment:checking '/home/ubuntu/TurtleBot_Room/ros2_ws/install/finalProject' for CMake config files
[1.383s] Level 1:colcon.colcon_core.environment:checking '/home/ubuntu/TurtleBot_Room/ros2_ws/install/finalProject/lib'
[1.384s] Level 1:colcon.colcon_core.environment:checking '/home/ubuntu/TurtleBot_Room/ros2_ws/install/finalProject/bin'
[1.384s] Level 1:colcon.colcon_core.environment:checking '/home/ubuntu/TurtleBot_Room/ros2_ws/install/finalProject/lib/pkgconfig/finalProject.pc'
[1.384s] Level 1:colcon.colcon_core.environment:checking '/home/ubuntu/TurtleBot_Room/ros2_ws/install/finalProject/lib/python3.8/site-packages'
[1.384s] Level 1:colcon.colcon_core.shell:create_environment_hook('finalProject', 'pythonpath')
[1.384s] INFO:colcon.colcon_core.shell:Creating environment hook '/home/ubuntu/TurtleBot_Room/ros2_ws/install/finalProject/share/finalProject/hook/pythonpath.ps1'
[1.385s] INFO:colcon.colcon_core.shell:Creating environment descriptor '/home/ubuntu/TurtleBot_Room/ros2_ws/install/finalProject/share/finalProject/hook/pythonpath.dsv'
[1.385s] INFO:colcon.colcon_core.shell:Creating environment hook '/home/ubuntu/TurtleBot_Room/ros2_ws/install/finalProject/share/finalProject/hook/pythonpath.sh'
[1.386s] Level 1:colcon.colcon_core.environment:checking '/home/ubuntu/TurtleBot_Room/ros2_ws/install/finalProject/bin'
[1.386s] Level 1:colcon.colcon_core.environment:create_environment_scripts_only(finalProject)
[1.386s] INFO:colcon.colcon_core.shell:Creating package script '/home/ubuntu/TurtleBot_Room/ros2_ws/install/finalProject/share/finalProject/package.ps1'
[1.387s] INFO:colcon.colcon_core.shell:Creating package descriptor '/home/ubuntu/TurtleBot_Room/ros2_ws/install/finalProject/share/finalProject/package.dsv'
[1.389s] INFO:colcon.colcon_core.shell:Creating package script '/home/ubuntu/TurtleBot_Room/ros2_ws/install/finalProject/share/finalProject/package.sh'
[1.390s] INFO:colcon.colcon_core.shell:Creating package script '/home/ubuntu/TurtleBot_Room/ros2_ws/install/finalProject/share/finalProject/package.bash'
[1.392s] INFO:colcon.colcon_core.shell:Creating package script '/home/ubuntu/TurtleBot_Room/ros2_ws/install/finalProject/share/finalProject/package.zsh'
[1.393s] Level 1:colcon.colcon_core.environment:create_file_with_runtime_dependencies(/home/ubuntu/TurtleBot_Room/ros2_ws/install/finalProject/share/colcon-core/packages/finalProject)
[1.438s] DEBUG:colcon.colcon_core.event_handler.log_command:Invoked command in '/home/ubuntu/TurtleBot_Room/ros2_ws/build/ros_tcp_endpoint' returned '1': /usr/bin/cmake /home/ubuntu/TurtleBot_Room/ros2_ws/src/ROS-TCP-Endpoint-0.7.0 -DCATKIN_INSTALL_INTO_PREFIX_ROOT=0 -DCMAKE_INSTALL_PREFIX=/home/ubuntu/TurtleBot_Room/ros2_ws/install/ros_tcp_endpoint
[1.448s] Level 1:colcon.colcon_core.environment:create_environment_scripts_only(ros_tcp_endpoint)
[1.448s] Level 1:colcon.colcon_core.environment:checking '/home/ubuntu/TurtleBot_Room/ros2_ws/install/ros_tcp_endpoint' for CMake module files
[1.449s] Level 1:colcon.colcon_core.environment:checking '/home/ubuntu/TurtleBot_Room/ros2_ws/install/ros_tcp_endpoint' for CMake config files
[1.449s] Level 1:colcon.colcon_core.environment:checking '/home/ubuntu/TurtleBot_Room/ros2_ws/install/ros_tcp_endpoint/bin'
[1.449s] Level 1:colcon.colcon_core.environment:checking '/home/ubuntu/TurtleBot_Room/ros2_ws/install/ros_tcp_endpoint/lib/pkgconfig/ros_tcp_endpoint.pc'
[1.449s] Level 1:colcon.colcon_core.environment:checking '/home/ubuntu/TurtleBot_Room/ros2_ws/install/ros_tcp_endpoint/lib/python3.8/site-packages'
[1.449s] Level 1:colcon.colcon_core.environment:checking '/home/ubuntu/TurtleBot_Room/ros2_ws/install/ros_tcp_endpoint/bin'
[1.449s] INFO:colcon.colcon_core.shell:Creating package script '/home/ubuntu/TurtleBot_Room/ros2_ws/install/ros_tcp_endpoint/share/ros_tcp_endpoint/package.ps1'
[1.450s] INFO:colcon.colcon_core.shell:Creating package descriptor '/home/ubuntu/TurtleBot_Room/ros2_ws/install/ros_tcp_endpoint/share/ros_tcp_endpoint/package.dsv'
[1.450s] INFO:colcon.colcon_core.shell:Creating package script '/home/ubuntu/TurtleBot_Room/ros2_ws/install/ros_tcp_endpoint/share/ros_tcp_endpoint/package.sh'
[1.450s] INFO:colcon.colcon_core.shell:Creating package script '/home/ubuntu/TurtleBot_Room/ros2_ws/install/ros_tcp_endpoint/share/ros_tcp_endpoint/package.bash'
[1.451s] INFO:colcon.colcon_core.shell:Creating package script '/home/ubuntu/TurtleBot_Room/ros2_ws/install/ros_tcp_endpoint/share/ros_tcp_endpoint/package.zsh'
[1.451s] Level 1:colcon.colcon_core.environment:create_file_with_runtime_dependencies(/home/ubuntu/TurtleBot_Room/ros2_ws/install/ros_tcp_endpoint/share/colcon-core/packages/ros_tcp_endpoint)
[1.463s] DEBUG:colcon.colcon_parallel_executor.executor.parallel:closing loop
[1.463s] DEBUG:colcon.colcon_parallel_executor.executor.parallel:loop closed
[1.463s] DEBUG:colcon.colcon_parallel_executor.executor.parallel:run_until_complete finished with '1'
[1.463s] DEBUG:colcon.colcon_core.event_reactor:joining thread
[1.473s] INFO:colcon.colcon_core.plugin_system:Skipping extension 'colcon_notification.desktop_notification.terminal_notifier': Not used on non-Darwin systems
[1.473s] INFO:colcon.colcon_core.plugin_system:Skipping extension 'colcon_notification.desktop_notification.win32': Not used on non-Windows systems
[1.473s] INFO:colcon.colcon_notification.desktop_notification:Sending desktop notification using 'notify2'
[1.569s] DEBUG:colcon.colcon_core.event_reactor:joined thread
[1.569s] INFO:colcon.colcon_core.shell:Creating prefix script '/home/ubuntu/TurtleBot_Room/ros2_ws/install/local_setup.ps1'
[1.571s] INFO:colcon.colcon_core.shell:Creating prefix util module '/home/ubuntu/TurtleBot_Room/ros2_ws/install/_local_setup_util_ps1.py'
[1.572s] INFO:colcon.colcon_core.shell:Creating prefix chain script '/home/ubuntu/TurtleBot_Room/ros2_ws/install/setup.ps1'
[1.574s] INFO:colcon.colcon_core.shell:Creating prefix script '/home/ubuntu/TurtleBot_Room/ros2_ws/install/local_setup.sh'
[1.575s] INFO:colcon.colcon_core.shell:Creating prefix util module '/home/ubuntu/TurtleBot_Room/ros2_ws/install/_local_setup_util_sh.py'
[1.575s] INFO:colcon.colcon_core.shell:Creating prefix chain script '/home/ubuntu/TurtleBot_Room/ros2_ws/install/setup.sh'
[1.577s] INFO:colcon.colcon_core.shell:Creating prefix script '/home/ubuntu/TurtleBot_Room/ros2_ws/install/local_setup.bash'
[1.578s] INFO:colcon.colcon_core.shell:Creating prefix chain script '/home/ubuntu/TurtleBot_Room/ros2_ws/install/setup.bash'
[1.579s] INFO:colcon.colcon_core.shell:Creating prefix script '/home/ubuntu/TurtleBot_Room/ros2_ws/install/local_setup.zsh'
[1.580s] INFO:colcon.colcon_core.shell:Creating prefix chain script '/home/ubuntu/TurtleBot_Room/ros2_ws/install/setup.zsh'
