[0.634s] Invoking command in '/home/ubuntu/TurtleBot_Room/ros2_ws/src/finalProject': PYTHONPATH=/home/ubuntu/TurtleBot_Room/ros2_ws/build/finalProject/prefix_override:/usr/lib/python3/dist-packages/colcon_core/task/python/colcon_distutils_commands:/home/ubuntu/TurtleBot_Room/ros2_ws/install/finalProject/lib/python3.8/site-packages:${PYTHONPATH} /usr/bin/python3 -W ignore:setup.py install is deprecated setup.py egg_info --egg-base ../../build/finalProject build --build-base /home/ubuntu/TurtleBot_Room/ros2_ws/build/finalProject/build install --record /home/ubuntu/TurtleBot_Room/ros2_ws/build/finalProject/install.log --install-scripts $base/lib/finalProject --single-version-externally-managed install_data
[0.814s] running egg_info
[0.820s] writing ../../build/finalProject/finalProject.egg-info/PKG-INFO
[0.820s] writing dependency_links to ../../build/finalProject/finalProject.egg-info/dependency_links.txt
[0.823s] writing entry points to ../../build/finalProject/finalProject.egg-info/entry_points.txt
[0.823s] writing requirements to ../../build/finalProject/finalProject.egg-info/requires.txt
[0.823s] writing top-level names to ../../build/finalProject/finalProject.egg-info/top_level.txt
[0.854s] reading manifest file '../../build/finalProject/finalProject.egg-info/SOURCES.txt'
[0.856s] writing manifest file '../../build/finalProject/finalProject.egg-info/SOURCES.txt'
[0.856s] running build
[0.856s] running build_py
[0.856s] copying finalProject/movementHardcoded.py -> /home/ubuntu/TurtleBot_Room/ros2_ws/build/finalProject/build/lib/finalProject
[0.857s] running install
[0.858s] running install_lib
[0.861s] copying /home/ubuntu/TurtleBot_Room/ros2_ws/build/finalProject/build/lib/finalProject/movementHardcoded.py -> /home/ubuntu/TurtleBot_Room/ros2_ws/install/finalProject/lib/python3.8/site-packages/finalProject
[0.863s] byte-compiling /home/ubuntu/TurtleBot_Room/ros2_ws/install/finalProject/lib/python3.8/site-packages/finalProject/movementHardcoded.py to movementHardcoded.cpython-38.pyc
[0.866s] running install_data
[0.866s] running install_egg_info
[0.867s] removing '/home/ubuntu/TurtleBot_Room/ros2_ws/install/finalProject/lib/python3.8/site-packages/finalProject-0.0.0-py3.8.egg-info' (and everything under it)
[1.030s] Copying ../../build/finalProject/finalProject.egg-info to /home/ubuntu/TurtleBot_Room/ros2_ws/install/finalProject/lib/python3.8/site-packages/finalProject-0.0.0-py3.8.egg-info
[1.030s] running install_scripts
[1.053s] Installing move_circle script to /home/ubuntu/TurtleBot_Room/ros2_ws/install/finalProject/lib/finalProject
[1.053s] Installing move_rectangle script to /home/ubuntu/TurtleBot_Room/ros2_ws/install/finalProject/lib/finalProject
[1.054s] Installing movement script to /home/ubuntu/TurtleBot_Room/ros2_ws/install/finalProject/lib/finalProject
[1.056s] writing list of installed files to '/home/ubuntu/TurtleBot_Room/ros2_ws/build/finalProject/install.log'
[1.082s] Invoked command in '/home/ubuntu/TurtleBot_Room/ros2_ws/src/finalProject' returned '0': PYTHONPATH=/home/ubuntu/TurtleBot_Room/ros2_ws/build/finalProject/prefix_override:/usr/lib/python3/dist-packages/colcon_core/task/python/colcon_distutils_commands:/home/ubuntu/TurtleBot_Room/ros2_ws/install/finalProject/lib/python3.8/site-packages:${PYTHONPATH} /usr/bin/python3 -W ignore:setup.py install is deprecated setup.py egg_info --egg-base ../../build/finalProject build --build-base /home/ubuntu/TurtleBot_Room/ros2_ws/build/finalProject/build install --record /home/ubuntu/TurtleBot_Room/ros2_ws/build/finalProject/install.log --install-scripts $base/lib/finalProject --single-version-externally-managed install_data
