[0.177s] Invoking command in '/home/ubuntu/TurtleBot_Room/ros2_ws/build/ros_tcp_endpoint': /usr/bin/cmake /home/ubuntu/TurtleBot_Room/ros2_ws/src/ROS-TCP-Endpoint-0.7.0 -DCATKIN_INSTALL_INTO_PREFIX_ROOT=0 -DCMAKE_INSTALL_PREFIX=/home/ubuntu/TurtleBot_Room/ros2_ws/install/ros_tcp_endpoint
[0.215s] CMake Error at CMakeLists.txt:4 (find_package):
[0.216s]   By not providing "Findcatkin.cmake" in CMAKE_MODULE_PATH this project has
[0.216s]   asked CMake to find a package configuration file provided by "catkin", but
[0.216s]   CMake did not find one.
[0.216s] 
[0.216s]   Could not find a package configuration file provided by "catkin" with any
[0.216s]   of the following names:
[0.217s] 
[0.217s]     catkinConfig.cmake
[0.217s]     catkin-config.cmake
[0.217s] 
[0.218s]   Add the installation prefix of "catkin" to CMAKE_PREFIX_PATH or set
[0.218s]   "catkin_DIR" to a directory containing one of the above files.  If "catkin"
[0.218s]   provides a separate development package or SDK, be sure it has been
[0.218s]   installed.
[0.218s] 
[0.218s] 
[0.219s] -- Configuring incomplete, errors occurred!
[0.219s] See also "/home/ubuntu/TurtleBot_Room/ros2_ws/build/ros_tcp_endpoint/CMakeFiles/CMakeOutput.log".
[0.222s] Invoked command in '/home/ubuntu/TurtleBot_Room/ros2_ws/build/ros_tcp_endpoint' returned '1': /usr/bin/cmake /home/ubuntu/TurtleBot_Room/ros2_ws/src/ROS-TCP-Endpoint-0.7.0 -DCATKIN_INSTALL_INTO_PREFIX_ROOT=0 -DCMAKE_INSTALL_PREFIX=/home/ubuntu/TurtleBot_Room/ros2_ws/install/ros_tcp_endpoint
